Using pre-set license
Built from '2020.3/release' branch; Version is '2020.3.1f1 (77a89f25062f) revision 7841951'; Using compiler version '192528614'; Build Type 'Release'
OS: 'Windows 10 Home; OS build 19042.1052; Version 2009; 64bit' Language: 'ko' Physical Memory: 16303 MB
BatchMode: 1, IsHumanControllingUs: 0, StartBugReporterOnCrash: 0, Is64bit: 1, IsPro: 0

 COMMAND LINE ARGUMENTS:
C:\Program Files\Unity\Hub\Editor\2020.3.1f1\Editor\Unity.exe
-adb2
-batchMode
-noUpm
-name
AssetImportWorker0
-projectPath
C:/Users/USER/Documents/Galaga99/Galaga
-logFile
Logs/AssetImportWorker0.log
-srvPort
12402
Successfully changed project path to: C:/Users/USER/Documents/Galaga99/Galaga
C:/Users/USER/Documents/Galaga99/Galaga
Using Asset Import Pipeline V2.
Refreshing native plugins compatible for Editor in 114.64 ms, found 1 plugins.
Preloading 0 native plugins for Editor in 0.00 ms.
Initialize engine version: 2020.3.1f1 (77a89f25062f)
[Subsystems] Discovering subsystems at path C:/Program Files/Unity/Hub/Editor/2020.3.1f1/Editor/Data/Resources/UnitySubsystems
[Subsystems] Discovering subsystems at path C:/Users/USER/Documents/Galaga99/Galaga/Assets
GfxDevice: creating device client; threaded=0
Direct3D:
    Version:  Direct3D 11.0 [level 11.1]
    Renderer: NVIDIA GeForce RTX 2060 (ID=0x1f51)
    Vendor:   
    VRAM:     5980 MB
    Driver:   26.21.14.3162
Initialize mono
Mono path[0] = 'C:/Program Files/Unity/Hub/Editor/2020.3.1f1/Editor/Data/Managed'
Mono path[1] = 'C:/Program Files/Unity/Hub/Editor/2020.3.1f1/Editor/Data/MonoBleedingEdge/lib/mono/unityjit'
Mono config path = 'C:/Program Files/Unity/Hub/Editor/2020.3.1f1/Editor/Data/MonoBleedingEdge/etc'
Using monoOptions --debugger-agent=transport=dt_socket,embedding=1,server=y,suspend=n,address=127.0.0.1:56164
Begin MonoManager ReloadAssembly
Registering precompiled unity dll's ...
Register platform support module: C:/Program Files/Unity/Hub/Editor/2020.3.1f1/Editor/Data/PlaybackEngines/WebGLSupport/UnityEditor.WebGL.Extensions.dll
Register platform support module: C:/Program Files/Unity/Hub/Editor/2020.3.1f1/Editor/Data/PlaybackEngines/WindowsStandaloneSupport/UnityEditor.WindowsStandalone.Extensions.dll
Registered in 0.005265 seconds.
Native extension for WindowsStandalone target not found
Native extension for WebGL target not found
Refreshing native plugins compatible for Editor in 78.53 ms, found 1 plugins.
Preloading 0 native plugins for Editor in 0.00 ms.
Invoked RoslynAnalysisRunner static constructor.
RoslynAnalysisRunner will not be running.
RoslynAnalysisRunner has terminated.
Mono: successfully reloaded assembly
- Completed reload, in  8.816 seconds
Platform modules already initialized, skipping
Registering precompiled user dll's ...
Registered in 0.005845 seconds.
Begin MonoManager ReloadAssembly
Native extension for WindowsStandalone target not found
Native extension for WebGL target not found
Refreshing native plugins compatible for Editor in 72.09 ms, found 1 plugins.
Preloading 0 native plugins for Editor in 0.00 ms.
Invoked RoslynAnalysisRunner static constructor.
RoslynAnalysisRunner will not be running.
RoslynAnalysisRunner has terminated.
Mono: successfully reloaded assembly
- Completed reload, in  2.072 seconds
Platform modules already initialized, skipping
========================================================================
Worker process is ready to serve import requests
Launched and connected shader compiler UnityShaderCompiler.exe after 0.64 seconds
Refreshing native plugins compatible for Editor in 0.49 ms, found 1 plugins.
Preloading 0 native plugins for Editor in 0.00 ms.
Unloading 2006 Unused Serialized files (Serialized files now loaded: 0)
System memory in use before: 112.9 MB.
System memory in use after: 113.0 MB.

Unloading 21 unused Assets to reduce memory usage. Loaded Objects now: 2487.
Total: 3.591400 ms (FindLiveObjects: 0.451200 ms CreateObjectMapping: 0.181500 ms MarkObjects: 2.925000 ms  DeleteObjects: 0.032100 ms)

========================================================================
Received Import Request.
  path: Assets/Sprite/title.png
  artifactKey: Guid(a1504fce83a550a41a9d931ac19d09ac) Importer(815301076,1909f56bfc062723c751e8b465ee728b)
Start importing Assets/Sprite/title.png using Guid(a1504fce83a550a41a9d931ac19d09ac) Importer(815301076,1909f56bfc062723c751e8b465ee728b)  -> (artifact id: 'd9b11f8839bcf93e54dd975270b0dcd4') in 0.287313 seconds
  Import took 0.292989 seconds .

========================================================================
Received Import Request.
  Time since last request: 0.002273 seconds.
  path: Assets/Sprite/screen2.png
  artifactKey: Guid(26241423202ad934b960a1235106ce10) Importer(815301076,1909f56bfc062723c751e8b465ee728b)
Start importing Assets/Sprite/screen2.png using Guid(26241423202ad934b960a1235106ce10) Importer(815301076,1909f56bfc062723c751e8b465ee728b)  -> (artifact id: '30b59e54e8fba5d2d9f7ed91ba39af8b') in 0.157771 seconds
  Import took 0.164479 seconds .

========================================================================
Received Import Request.
  Time since last request: 0.000594 seconds.
  path: Assets/Sprite/screen1.png
  artifactKey: Guid(1c28b292082bc7e47965bc0f5da50c93) Importer(815301076,1909f56bfc062723c751e8b465ee728b)
Start importing Assets/Sprite/screen1.png using Guid(1c28b292082bc7e47965bc0f5da50c93) Importer(815301076,1909f56bfc062723c751e8b465ee728b)  -> (artifact id: '46e6af736db7661702dbb04149f6f996') in 0.104720 seconds
  Import took 0.111759 seconds .

========================================================================
Received Import Request.
  Time since last request: 0.000331 seconds.
  path: Assets/Sprite/title99.png
  artifactKey: Guid(39894364240d2ad4e91cb4b13adce554) Importer(815301076,1909f56bfc062723c751e8b465ee728b)
Start importing Assets/Sprite/title99.png using Guid(39894364240d2ad4e91cb4b13adce554) Importer(815301076,1909f56bfc062723c751e8b465ee728b)  -> (artifact id: '04535b32e4015a370357f78581ed4b57') in 0.066470 seconds
  Import took 0.073226 seconds .

========================================================================
Received Import Request.
  Time since last request: 3.404285 seconds.
  path: Assets/Sprite/but1.png
  artifactKey: Guid(23df717da2ac9b141bc56b418b417ebc) Importer(815301076,1909f56bfc062723c751e8b465ee728b)
Start importing Assets/Sprite/but1.png using Guid(23df717da2ac9b141bc56b418b417ebc) Importer(815301076,1909f56bfc062723c751e8b465ee728b)  -> (artifact id: '6b39420e661e4abcf33f3671b2bb3843') in 0.060136 seconds
  Import took 0.065778 seconds .

========================================================================
Received Import Request.
  Time since last request: 3.397871 seconds.
  path: Assets/Sprite/but2.png
  artifactKey: Guid(766fdd5a0bf0d4d479074c309e52168a) Importer(815301076,1909f56bfc062723c751e8b465ee728b)
Start importing Assets/Sprite/but2.png using Guid(766fdd5a0bf0d4d479074c309e52168a) Importer(815301076,1909f56bfc062723c751e8b465ee728b)  -> (artifact id: '3ca60a6f380e2a9c2017153b14a744ba') in 0.069513 seconds
  Import took 0.075157 seconds .

========================================================================
Received Import Request.
  Time since last request: 2.914460 seconds.
  path: Assets/Sprite/but3.png
  artifactKey: Guid(eb06571b6ed8a914a88f9449f2b476f7) Importer(815301076,1909f56bfc062723c751e8b465ee728b)
Start importing Assets/Sprite/but3.png using Guid(eb06571b6ed8a914a88f9449f2b476f7) Importer(815301076,1909f56bfc062723c751e8b465ee728b)  -> (artifact id: '9a78720f67f2d78ed50adebe25305fbf') in 0.072033 seconds
  Import took 0.077516 seconds .

========================================================================
Received Import Request.
  Time since last request: 5.328098 seconds.
  path: Assets/Sprite/playerspr.png
  artifactKey: Guid(f98c0535934207942b4f436a23e0cb04) Importer(815301076,1909f56bfc062723c751e8b465ee728b)
Start importing Assets/Sprite/playerspr.png using Guid(f98c0535934207942b4f436a23e0cb04) Importer(815301076,1909f56bfc062723c751e8b465ee728b)  -> (artifact id: 'b61537a32a1b18bc76e002bbf2a94094') in 0.053410 seconds
  Import took 0.058659 seconds .

========================================================================
Received Import Request.
  Time since last request: 5.672774 seconds.
  path: Assets/Plugins/Demigiant
  artifactKey: Guid(192a085b03894514a8112f94694ebab6) Importer(815301076,1909f56bfc062723c751e8b465ee728b)
Start importing Assets/Plugins/Demigiant using Guid(192a085b03894514a8112f94694ebab6) Importer(815301076,1909f56bfc062723c751e8b465ee728b)  -> (artifact id: '2a59b233683422366f3acdf41b0e9bb9') in 0.020083 seconds
  Import took 0.026650 seconds .

========================================================================
Received Import Request.
  Time since last request: 0.584652 seconds.
  path: Assets/Plugins/Demigiant/DOTween
  artifactKey: Guid(c100f47f31bf39943ad813e21b108e66) Importer(815301076,1909f56bfc062723c751e8b465ee728b)
Start importing Assets/Plugins/Demigiant/DOTween using Guid(c100f47f31bf39943ad813e21b108e66) Importer(815301076,1909f56bfc062723c751e8b465ee728b)  -> (artifact id: '3238dc9affdcdbdf8a1a23398c19e624') in 0.023090 seconds
  Import took 0.029635 seconds .

========================================================================
Received Import Request.
  Time since last request: 14.976477 seconds.
  path: Assets/Scenes/In_End.unity
  artifactKey: Guid(8075418fda525354cb986222b110b884) Importer(815301076,1909f56bfc062723c751e8b465ee728b)
Start importing Assets/Scenes/In_End.unity using Guid(8075418fda525354cb986222b110b884) Importer(815301076,1909f56bfc062723c751e8b465ee728b)  -> (artifact id: '917286e48279f747c6fd6450b9bb9f41') in 0.043243 seconds
  Import took 0.050810 seconds .

========================================================================
Received Prepare
Registering precompiled user dll's ...
Registered in 0.006974 seconds.
Begin MonoManager ReloadAssembly
Native extension for WindowsStandalone target not found
Native extension for WebGL target not found
Refreshing native plugins compatible for Editor in 1.01 ms, found 1 plugins.
Preloading 0 native plugins for Editor in 0.00 ms.
Invoked RoslynAnalysisRunner static constructor.
RoslynAnalysisRunner will not be running.
RoslynAnalysisRunner has terminated.
Mono: successfully reloaded assembly
- Completed reload, in  1.972 seconds
Platform modules already initialized, skipping
Switching build target platform(5) subTarget(0) extendedPlatform(0) -> platform(13) subTarget(537395200) extendedPlatform(0)
Refreshing native plugins compatible for Editor in 0.49 ms, found 1 plugins.
Preloading 0 native plugins for Editor in 0.00 ms.
Unloading 1984 Unused Serialized files (Serialized files now loaded: 0)
System memory in use before: 113.9 MB.
System memory in use after: 114.0 MB.

Unloading 11 unused Assets to reduce memory usage. Loaded Objects now: 2502.
Total: 2.984800 ms (FindLiveObjects: 0.430800 ms CreateObjectMapping: 0.145600 ms MarkObjects: 2.383800 ms  DeleteObjects: 0.022300 ms)

AssetImportParameters requested are different than current active one (requested -> active):
  custom:graphics/normal-map-encoding: 01000000000000000000000000000000 -> 02000000000000000000000000000000
========================================================================
Received Prepare
Registering precompiled user dll's ...
Registered in 0.005318 seconds.
Begin MonoManager ReloadAssembly
Native extension for WindowsStandalone target not found
Native extension for WebGL target not found
Refreshing native plugins compatible for Editor in 0.78 ms, found 1 plugins.
Preloading 0 native plugins for Editor in 0.00 ms.
Invoked RoslynAnalysisRunner static constructor.
RoslynAnalysisRunner will not be running.
RoslynAnalysisRunner has terminated.
Mono: successfully reloaded assembly
- Completed reload, in  2.440 seconds
Platform modules already initialized, skipping
Switching build target platform(5) subTarget(0) extendedPlatform(0) -> platform(13) subTarget(537395200) extendedPlatform(0)
Refreshing native plugins compatible for Editor in 0.46 ms, found 1 plugins.
Preloading 0 native plugins for Editor in 0.00 ms.
Unloading 1984 Unused Serialized files (Serialized files now loaded: 0)
System memory in use before: 113.9 MB.
System memory in use after: 114.0 MB.

Unloading 11 unused Assets to reduce memory usage. Loaded Objects now: 2505.
Total: 2.852600 ms (FindLiveObjects: 0.315800 ms CreateObjectMapping: 0.115300 ms MarkObjects: 2.395100 ms  DeleteObjects: 0.024600 ms)

AssetImportParameters requested are different than current active one (requested -> active):
  custom:graphics/normal-map-encoding: 01000000000000000000000000000000 -> 02000000000000000000000000000000
========================================================================
Received Import Request.
  Time since last request: 267.694906 seconds.
  path: Assets/Sprite/playerspr.png
  artifactKey: Guid(f98c0535934207942b4f436a23e0cb04) Importer(815301076,1909f56bfc062723c751e8b465ee728b)
Start importing Assets/Sprite/playerspr.png using Guid(f98c0535934207942b4f436a23e0cb04) Importer(815301076,1909f56bfc062723c751e8b465ee728b)  -> (artifact id: '400454ea166c915d25efecb9c8117874') in 0.230784 seconds
  Import took 0.242609 seconds .

========================================================================
Received Import Request.
  Time since last request: 0.000446 seconds.
  path: Assets/Sprite/title.png
  artifactKey: Guid(a1504fce83a550a41a9d931ac19d09ac) Importer(815301076,1909f56bfc062723c751e8b465ee728b)
Start importing Assets/Sprite/title.png using Guid(a1504fce83a550a41a9d931ac19d09ac) Importer(815301076,1909f56bfc062723c751e8b465ee728b)  -> (artifact id: '1a23e10778710d023a04c965e4c45d6b') in 0.096087 seconds
  Import took 0.105112 seconds .

========================================================================
Received Import Request.
  Time since last request: 7.594539 seconds.
  path: Assets/Sprite/화면 캡처 2021-06-24 072311.png
  artifactKey: Guid(e2761b10f4f6757479bd4b9705688364) Importer(815301076,1909f56bfc062723c751e8b465ee728b)
Start importing Assets/Sprite/화면 캡처 2021-06-24 072311.png using Guid(e2761b10f4f6757479bd4b9705688364) Importer(815301076,1909f56bfc062723c751e8b465ee728b)  -> (artifact id: 'd83c067383a063a7891d95aa8e903e74') in 0.117652 seconds
  Import took 0.128456 seconds .

========================================================================
Received Import Request.
  Time since last request: 5.201021 seconds.
  path: Assets/Sprite/Screen3.png
  artifactKey: Guid(e2761b10f4f6757479bd4b9705688364) Importer(815301076,1909f56bfc062723c751e8b465ee728b)
Start importing Assets/Sprite/Screen3.png using Guid(e2761b10f4f6757479bd4b9705688364) Importer(815301076,1909f56bfc062723c751e8b465ee728b)  -> (artifact id: '9c77e0e192498b010d52c521b29d0fd6') in 0.077711 seconds
  Import took 0.083690 seconds .

AssetImportWorkerClient::OnTransportError - code=2 error=End of file
