Using pre-set license
Built from '2020.3/release' branch; Version is '2020.3.1f1 (77a89f25062f) revision 7841951'; Using compiler version '192528614'; Build Type 'Release'
OS: 'Windows 10 Home; OS build 19042.1052; Version 2009; 64bit' Language: 'ko' Physical Memory: 16303 MB
BatchMode: 1, IsHumanControllingUs: 0, StartBugReporterOnCrash: 0, Is64bit: 1, IsPro: 0

 COMMAND LINE ARGUMENTS:
C:\Program Files\Unity\Hub\Editor\2020.3.1f1\Editor\Unity.exe
-adb2
-batchMode
-noUpm
-name
AssetImportWorker0
-projectPath
C:/Users/USER/Documents/Galaga99/Galaga
-logFile
Logs/AssetImportWorker0.log
-srvPort
14220
Successfully changed project path to: C:/Users/USER/Documents/Galaga99/Galaga
C:/Users/USER/Documents/Galaga99/Galaga
Using Asset Import Pipeline V2.
Refreshing native plugins compatible for Editor in 63.92 ms, found 1 plugins.
Preloading 0 native plugins for Editor in 0.00 ms.
Initialize engine version: 2020.3.1f1 (77a89f25062f)
[Subsystems] Discovering subsystems at path C:/Program Files/Unity/Hub/Editor/2020.3.1f1/Editor/Data/Resources/UnitySubsystems
[Subsystems] Discovering subsystems at path C:/Users/USER/Documents/Galaga99/Galaga/Assets
GfxDevice: creating device client; threaded=0
Direct3D:
    Version:  Direct3D 11.0 [level 11.1]
    Renderer: NVIDIA GeForce RTX 2060 (ID=0x1f51)
    Vendor:   
    VRAM:     5980 MB
    Driver:   26.21.14.3162
Initialize mono
Mono path[0] = 'C:/Program Files/Unity/Hub/Editor/2020.3.1f1/Editor/Data/Managed'
Mono path[1] = 'C:/Program Files/Unity/Hub/Editor/2020.3.1f1/Editor/Data/MonoBleedingEdge/lib/mono/unityjit'
Mono config path = 'C:/Program Files/Unity/Hub/Editor/2020.3.1f1/Editor/Data/MonoBleedingEdge/etc'
Using monoOptions --debugger-agent=transport=dt_socket,embedding=1,server=y,suspend=n,address=127.0.0.1:56180
Begin MonoManager ReloadAssembly
Registering precompiled unity dll's ...
Register platform support module: C:/Program Files/Unity/Hub/Editor/2020.3.1f1/Editor/Data/PlaybackEngines/WebGLSupport/UnityEditor.WebGL.Extensions.dll
Register platform support module: C:/Program Files/Unity/Hub/Editor/2020.3.1f1/Editor/Data/PlaybackEngines/WindowsStandaloneSupport/UnityEditor.WindowsStandalone.Extensions.dll
Registered in 0.005187 seconds.
Native extension for WindowsStandalone target not found
Native extension for WebGL target not found
Refreshing native plugins compatible for Editor in 59.05 ms, found 1 plugins.
Preloading 0 native plugins for Editor in 0.00 ms.
Invoked RoslynAnalysisRunner static constructor.
RoslynAnalysisRunner will not be running.
RoslynAnalysisRunner has terminated.
Mono: successfully reloaded assembly
- Completed reload, in  3.173 seconds
Platform modules already initialized, skipping
Registering precompiled user dll's ...
Registered in 0.003674 seconds.
Begin MonoManager ReloadAssembly
Native extension for WindowsStandalone target not found
Native extension for WebGL target not found
Refreshing native plugins compatible for Editor in 65.60 ms, found 1 plugins.
Preloading 0 native plugins for Editor in 0.00 ms.
Invoked RoslynAnalysisRunner static constructor.
RoslynAnalysisRunner will not be running.
RoslynAnalysisRunner has terminated.
Mono: successfully reloaded assembly
- Completed reload, in  1.651 seconds
Platform modules already initialized, skipping
========================================================================
Worker process is ready to serve import requests
Launched and connected shader compiler UnityShaderCompiler.exe after 0.17 seconds
Refreshing native plugins compatible for Editor in 0.76 ms, found 1 plugins.
Preloading 0 native plugins for Editor in 0.00 ms.
Unloading 2007 Unused Serialized files (Serialized files now loaded: 0)
System memory in use before: 112.8 MB.
System memory in use after: 112.9 MB.

Unloading 21 unused Assets to reduce memory usage. Loaded Objects now: 2488.
Total: 2.693700 ms (FindLiveObjects: 0.415400 ms CreateObjectMapping: 0.148800 ms MarkObjects: 2.093600 ms  DeleteObjects: 0.033100 ms)

========================================================================
Received Import Request.
  path: Assets/Sound/sneaky-snitch-by-kevin-macleod-from-filmmusic-io.mp3
  artifactKey: Guid(ddd47ec1fef13a34a9664567eff0a662) Importer(815301076,1909f56bfc062723c751e8b465ee728b)
Start importing Assets/Sound/sneaky-snitch-by-kevin-macleod-from-filmmusic-io.mp3 using Guid(ddd47ec1fef13a34a9664567eff0a662) Importer(815301076,1909f56bfc062723c751e8b465ee728b)  -> (artifact id: '46a1f833f44af15ac7a15bcb9f82deea') in 0.206514 seconds
  Import took 0.212768 seconds .

========================================================================
Received Import Request.
  Time since last request: 0.001495 seconds.
  path: Assets/Sound/sneaky-snitch-by-kevin-macleod-from-filmmusic-io.mp3
  artifactKey: Guid(ddd47ec1fef13a34a9664567eff0a662) Importer(815301076,1909f56bfc062723c751e8b465ee728b)
Start importing Assets/Sound/sneaky-snitch-by-kevin-macleod-from-filmmusic-io.mp3 using Guid(ddd47ec1fef13a34a9664567eff0a662) Importer(815301076,1909f56bfc062723c751e8b465ee728b)  -> (artifact id: '46a1f833f44af15ac7a15bcb9f82deea') in 0.059472 seconds
  Import took 0.064666 seconds .

========================================================================
Received Prepare
Registering precompiled user dll's ...
Registered in 0.003194 seconds.
Begin MonoManager ReloadAssembly
Native extension for WindowsStandalone target not found
Native extension for WebGL target not found
Refreshing native plugins compatible for Editor in 0.48 ms, found 1 plugins.
Preloading 0 native plugins for Editor in 0.00 ms.
Invoked RoslynAnalysisRunner static constructor.
RoslynAnalysisRunner will not be running.
RoslynAnalysisRunner has terminated.
Mono: successfully reloaded assembly
- Completed reload, in  1.483 seconds
Platform modules already initialized, skipping
Switching build target platform(5) subTarget(0) extendedPlatform(0) -> platform(13) subTarget(537395200) extendedPlatform(0)
Refreshing native plugins compatible for Editor in 0.48 ms, found 1 plugins.
Preloading 0 native plugins for Editor in 0.00 ms.
Unloading 1985 Unused Serialized files (Serialized files now loaded: 0)
System memory in use before: 113.9 MB.
System memory in use after: 114.0 MB.

Unloading 11 unused Assets to reduce memory usage. Loaded Objects now: 2500.
Total: 2.689300 ms (FindLiveObjects: 0.330300 ms CreateObjectMapping: 0.136700 ms MarkObjects: 2.197600 ms  DeleteObjects: 0.022500 ms)

AssetImportParameters requested are different than current active one (requested -> active):
  custom:graphics/normal-map-encoding: 01000000000000000000000000000000 -> 02000000000000000000000000000000
========================================================================
Received Prepare
Registering precompiled user dll's ...
Registered in 0.003396 seconds.
Begin MonoManager ReloadAssembly
Native extension for WindowsStandalone target not found
Native extension for WebGL target not found
Refreshing native plugins compatible for Editor in 0.47 ms, found 1 plugins.
Preloading 0 native plugins for Editor in 0.00 ms.
Invoked RoslynAnalysisRunner static constructor.
RoslynAnalysisRunner will not be running.
RoslynAnalysisRunner has terminated.
Mono: successfully reloaded assembly
- Completed reload, in  1.445 seconds
Platform modules already initialized, skipping
Switching build target platform(5) subTarget(0) extendedPlatform(0) -> platform(13) subTarget(537395200) extendedPlatform(0)
Refreshing native plugins compatible for Editor in 0.79 ms, found 1 plugins.
Preloading 0 native plugins for Editor in 0.00 ms.
Unloading 1985 Unused Serialized files (Serialized files now loaded: 0)
System memory in use before: 113.9 MB.
System memory in use after: 114.0 MB.

Unloading 11 unused Assets to reduce memory usage. Loaded Objects now: 2503.
Total: 3.077200 ms (FindLiveObjects: 0.748700 ms CreateObjectMapping: 0.146600 ms MarkObjects: 2.157300 ms  DeleteObjects: 0.022200 ms)

AssetImportParameters requested are different than current active one (requested -> active):
  custom:graphics/normal-map-encoding: 01000000000000000000000000000000 -> 02000000000000000000000000000000
========================================================================
Received Prepare
Registering precompiled user dll's ...
Registered in 0.003549 seconds.
Begin MonoManager ReloadAssembly
Native extension for WindowsStandalone target not found
Native extension for WebGL target not found
Refreshing native plugins compatible for Editor in 0.46 ms, found 1 plugins.
Preloading 0 native plugins for Editor in 0.00 ms.
Invoked RoslynAnalysisRunner static constructor.
RoslynAnalysisRunner will not be running.
RoslynAnalysisRunner has terminated.
Mono: successfully reloaded assembly
- Completed reload, in  1.446 seconds
Platform modules already initialized, skipping
Switching build target platform(5) subTarget(0) extendedPlatform(0) -> platform(13) subTarget(537395200) extendedPlatform(0)
Refreshing native plugins compatible for Editor in 0.50 ms, found 1 plugins.
Preloading 0 native plugins for Editor in 0.00 ms.
Unloading 1985 Unused Serialized files (Serialized files now loaded: 0)
System memory in use before: 113.9 MB.
System memory in use after: 114.1 MB.

Unloading 11 unused Assets to reduce memory usage. Loaded Objects now: 2506.
Total: 2.719200 ms (FindLiveObjects: 0.230400 ms CreateObjectMapping: 0.106900 ms MarkObjects: 2.359600 ms  DeleteObjects: 0.021200 ms)

AssetImportParameters requested are different than current active one (requested -> active):
  custom:graphics/normal-map-encoding: 01000000000000000000000000000000 -> 02000000000000000000000000000000
========================================================================
Received Prepare
Refreshing native plugins compatible for Editor in 4.77 ms, found 1 plugins.
Preloading 0 native plugins for Editor in 0.00 ms.
Unloading 7 Unused Serialized files (Serialized files now loaded: 0)
System memory in use before: 75.3 MB.
System memory in use after: 75.4 MB.

Unloading 7 unused Assets to reduce memory usage. Loaded Objects now: 2506.
Total: 2.590500 ms (FindLiveObjects: 0.392600 ms CreateObjectMapping: 0.149400 ms MarkObjects: 2.028800 ms  DeleteObjects: 0.018100 ms)

========================================================================
Received Prepare
Refreshing native plugins compatible for Editor in 4.94 ms, found 1 plugins.
Preloading 0 native plugins for Editor in 0.00 ms.
Unloading 7 Unused Serialized files (Serialized files now loaded: 0)
System memory in use before: 75.3 MB.
System memory in use after: 75.4 MB.

Unloading 7 unused Assets to reduce memory usage. Loaded Objects now: 2506.
Total: 3.250600 ms (FindLiveObjects: 0.255200 ms CreateObjectMapping: 0.108400 ms MarkObjects: 2.864000 ms  DeleteObjects: 0.020900 ms)

========================================================================
Received Import Request.
  Time since last request: 615.870193 seconds.
  path: Assets/Scenes/GameOver.unity
  artifactKey: Guid(653419e65279548448c0b8feabf88b5d) Importer(815301076,1909f56bfc062723c751e8b465ee728b)
Start importing Assets/Scenes/GameOver.unity using Guid(653419e65279548448c0b8feabf88b5d) Importer(815301076,1909f56bfc062723c751e8b465ee728b)  -> (artifact id: '87cbac726df2071f9b5b3e22ce906a53') in 0.022863 seconds
  Import took 0.028110 seconds .

========================================================================
Received Import Request.
  Time since last request: 22.687260 seconds.
  path: Assets/Scenes/Invader.unity
  artifactKey: Guid(e0ae3a5b405c362468ac62a13693b796) Importer(815301076,1909f56bfc062723c751e8b465ee728b)
Start importing Assets/Scenes/Invader.unity using Guid(e0ae3a5b405c362468ac62a13693b796) Importer(815301076,1909f56bfc062723c751e8b465ee728b)  -> (artifact id: 'ed73079309cfca4f89ebc7b8bb915785') in 0.017577 seconds
  Import took 0.022686 seconds .

========================================================================
Received Import Request.
  Time since last request: 11.762976 seconds.
  path: Assets/Scenes/Invader.unity
  artifactKey: Guid(e0ae3a5b405c362468ac62a13693b796) Importer(815301076,1909f56bfc062723c751e8b465ee728b)
Start importing Assets/Scenes/Invader.unity using Guid(e0ae3a5b405c362468ac62a13693b796) Importer(815301076,1909f56bfc062723c751e8b465ee728b)  -> (artifact id: 'c4c5f5f7517abb3a5aeafb4c7318cce4') in 0.008743 seconds
  Import took 0.013528 seconds .

========================================================================
Received Import Request.
  Time since last request: 0.335644 seconds.
  path: Assets/Scenes/Main.unity
  artifactKey: Guid(4115a9aaa0d3fa24d8a4649f3a47da33) Importer(815301076,1909f56bfc062723c751e8b465ee728b)
Start importing Assets/Scenes/Main.unity using Guid(4115a9aaa0d3fa24d8a4649f3a47da33) Importer(815301076,1909f56bfc062723c751e8b465ee728b)  -> (artifact id: '5abc30f22cda7d21fff8bc2cc112c041') in 0.009626 seconds
  Import took 0.015086 seconds .

========================================================================
Received Import Request.
  Time since last request: 1.401472 seconds.
  path: Assets/Scenes/SelectScene.unity
  artifactKey: Guid(4a6f1e5d1cab0e141a20afb3df8409fc) Importer(815301076,1909f56bfc062723c751e8b465ee728b)
Start importing Assets/Scenes/SelectScene.unity using Guid(4a6f1e5d1cab0e141a20afb3df8409fc) Importer(815301076,1909f56bfc062723c751e8b465ee728b)  -> (artifact id: 'a6a7b6d617585cf9b0dc5b0e8756bdf2') in 0.009259 seconds
  Import took 0.014011 seconds .

AssetImportWorkerClient::OnTransportError - code=2 error=End of file
